<?xml version="1.0" encoding="UTF-8"?>
<!-- Generated by org.testng.reporters.JUnitReportReporter -->
<testsuite skipped="0" hostname="raghunathreddy" name="com.cname.projectname.testscenarios.appname.Test1" tests="1" failures="0" timestamp="22 Aug 2018 04:09:51 GMT" time="19.193" errors="0">
  <testcase name="test1" time="19.193" classname="com.cname.projectname.testscenarios.appname.Test1"/>
</testsuite> <!-- com.cname.projectname.testscenarios.appname.Test1 -->
