<?xml version="1.0" encoding="UTF-8"?>
<!-- Generated by org.testng.reporters.JUnitReportReporter -->
<testsuite skipped="0" hostname="raghunathreddy" name="com.cname.projectname.testscenarios.appname.Test1" tests="1" failures="0" timestamp="30 Aug 2018 03:15:47 GMT" time="9.963" errors="0">
  <testcase name="test1" time="9.963" classname="com.cname.projectname.testscenarios.appname.Test1"/>
</testsuite> <!-- com.cname.projectname.testscenarios.appname.Test1 -->
