<?xml version="1.0" encoding="UTF-8"?>
<!-- Generated by org.testng.reporters.JUnitReportReporter -->
<testsuite skipped="0" hostname="raghunathreddy" name="com.cname.projectname.testscenarios.appname.ATUReportDemo" tests="1" failures="0" timestamp="30 Aug 2018 03:29:39 GMT" time="6.658" errors="0">
  <testcase name="createFolder" time="6.658" classname="com.cname.projectname.testscenarios.appname.ATUReportDemo"/>
</testsuite> <!-- com.cname.projectname.testscenarios.appname.ATUReportDemo -->
